20:12:15.084 [main] INFO  com.hybrid.baseclass.Base - title of this page is : Planisware Application Server
20:12:42.425 [main] INFO  com.hybrid.baseclass.Base - clicked on Program module 
20:12:43.099 [main] INFO  com.hybrid.baseclass.Base - Retriving data from getTestData method available in testutils class
20:12:43.612 [main] INFO  com.hybrid.baseclass.Base - clicked on New Program 
20:12:53.660 [main] INFO  com.hybrid.baseclass.Base - Values are filled in fields
20:13:39.513 [main] INFO  com.hybrid.baseclass.Base - browser closed
20:15:44.119 [main] INFO  com.hybrid.baseclass.Base - Calling the super class constructor to initialize the properties of config file
20:15:56.216 [main] INFO  com.hybrid.baseclass.Base - title of this page is : Planisware
20:15:58.035 [main] INFO  com.hybrid.baseclass.Base - user name entered is : 310259920
20:15:58.035 [main] INFO  com.hybrid.baseclass.Base - password entered is : Planisware@63
20:15:58.049 [main] INFO  com.hybrid.baseclass.Base - title of this page is : Planisware Application Server
20:16:24.533 [main] INFO  com.hybrid.baseclass.Base - clicked on Program module 
20:16:25.231 [main] INFO  com.hybrid.baseclass.Base - Retriving data from getTestData method available in testutils class
20:16:25.624 [main] INFO  com.hybrid.baseclass.Base - clicked on New Program 
20:16:36.031 [main] INFO  com.hybrid.baseclass.Base - Values are filled in fields
20:17:22.033 [main] INFO  com.hybrid.baseclass.Base - browser closed
20:20:38.660 [main] INFO  com.hybrid.baseclass.Base - Calling the super class constructor to initialize the properties of config file
20:20:51.419 [main] INFO  com.hybrid.baseclass.Base - title of this page is : Planisware
20:20:52.888 [main] INFO  com.hybrid.baseclass.Base - user name entered is : 310259920
20:20:52.889 [main] INFO  com.hybrid.baseclass.Base - password entered is : Planisware@63
20:20:52.902 [main] INFO  com.hybrid.baseclass.Base - title of this page is : Planisware Application Server
20:21:31.253 [main] INFO  com.hybrid.baseclass.Base - clicked on Program module 
20:21:31.924 [main] INFO  com.hybrid.baseclass.Base - Retriving data from getTestData method available in testutils class
20:21:32.913 [main] INFO  com.hybrid.baseclass.Base - clicked on New Program 
20:21:44.564 [main] INFO  com.hybrid.baseclass.Base - Values are filled in fields
20:22:10.450 [main] INFO  com.hybrid.baseclass.Base - browser closed
20:26:30.137 [main] INFO  com.hybrid.baseclass.Base - Calling the super class constructor to initialize the properties of config file
20:26:47.482 [main] INFO  com.hybrid.baseclass.Base - Retriving data from getTestData method available in testutils class
20:26:59.899 [main] INFO  com.hybrid.baseclass.Base - Calling the super class constructor to initialize the properties of config file
20:27:14.637 [main] INFO  com.hybrid.baseclass.Base - title of this page is : Planisware
20:27:16.698 [main] INFO  com.hybrid.baseclass.Base - user name entered is : 310259920
20:27:16.699 [main] INFO  com.hybrid.baseclass.Base - password entered is : Planisware@63
20:27:16.715 [main] INFO  com.hybrid.baseclass.Base - title of this page is : Planisware Application Server
20:27:43.237 [main] INFO  com.hybrid.baseclass.Base - clicked on Program module 
20:27:44.164 [main] INFO  com.hybrid.baseclass.Base - Retriving data from getTestData method available in testutils class
20:27:44.463 [main] INFO  com.hybrid.baseclass.Base - clicked on New Program 
20:27:53.931 [main] INFO  com.hybrid.baseclass.Base - Values are filled in fields
20:28:39.954 [main] INFO  com.hybrid.baseclass.Base - browser closed
20:31:33.172 [main] INFO  com.hybrid.baseclass.Base - Calling the super class constructor to initialize the properties of config file
20:31:48.085 [main] INFO  com.hybrid.baseclass.Base - title of this page is : Planisware
20:31:50.816 [main] INFO  com.hybrid.baseclass.Base - user name entered is : 310259920
20:31:50.816 [main] INFO  com.hybrid.baseclass.Base - password entered is : Planisware@63
20:31:50.834 [main] INFO  com.hybrid.baseclass.Base - title of this page is : Planisware Application Server
20:32:24.274 [main] INFO  com.hybrid.baseclass.Base - clicked on Program module 
20:32:25.277 [main] INFO  com.hybrid.baseclass.Base - Retriving data from getTestData method available in testutils class
20:32:28.122 [main] INFO  com.hybrid.baseclass.Base - clicked on New Program 
20:32:39.940 [main] INFO  com.hybrid.baseclass.Base - Values are filled in fields
20:33:26.567 [main] INFO  com.hybrid.baseclass.Base - browser closed
