17:42:29.904 [main] INFO  com.hybrid.baseclass.Base - Retriving data from getTestData method available in testutils class
17:42:30.777 [main] INFO  com.hybrid.baseclass.Base - clicked on New Program 
17:42:37.301 [main] INFO  com.hybrid.baseclass.Base - Values are filled in fields
17:44:58.671 [main] INFO  com.hybrid.baseclass.Base - Calling the super class constructor to initialize the properties of config file
17:45:10.705 [main] INFO  com.hybrid.baseclass.Base - title of this page is : Planisware
17:45:11.773 [main] INFO  com.hybrid.baseclass.Base - user name entered is : 310259920
17:45:11.773 [main] INFO  com.hybrid.baseclass.Base - password entered is : Planisware@63
17:45:11.794 [main] INFO  com.hybrid.baseclass.Base - title of this page is : Planisware Application Server
17:45:23.308 [main] INFO  com.hybrid.baseclass.Base - clicked on login button
17:45:23.318 [main] INFO  com.hybrid.baseclass.Base - title of this page is : Planisware 6 - Home
17:45:25.550 [main] INFO  com.hybrid.baseclass.Base - clicked on Program module 
17:45:26.630 [main] INFO  com.hybrid.baseclass.Base - Retriving data from getTestData method available in testutils class
17:45:27.435 [main] INFO  com.hybrid.baseclass.Base - clicked on New Program 
17:45:33.517 [main] INFO  com.hybrid.baseclass.Base - Values are filled in fields
17:49:45.263 [main] INFO  com.hybrid.baseclass.Base - Calling the super class constructor to initialize the properties of config file
17:49:59.172 [main] INFO  com.hybrid.baseclass.Base - Retriving data from getTestData method available in testutils class
17:50:12.181 [main] INFO  com.hybrid.baseclass.Base - Calling the super class constructor to initialize the properties of config file
17:50:27.292 [main] INFO  com.hybrid.baseclass.Base - Retriving data from getTestData method available in testutils class
17:51:00.404 [main] INFO  com.hybrid.baseclass.Base - Calling the super class constructor to initialize the properties of config file
17:51:12.929 [main] INFO  com.hybrid.baseclass.Base - title of this page is : Planisware
17:51:14.203 [main] INFO  com.hybrid.baseclass.Base - user name entered is : 310259920
17:51:14.203 [main] INFO  com.hybrid.baseclass.Base - password entered is : Planisware@63
17:51:14.218 [main] INFO  com.hybrid.baseclass.Base - title of this page is : Planisware Application Server
17:51:26.477 [main] INFO  com.hybrid.baseclass.Base - clicked on login button
17:51:26.500 [main] INFO  com.hybrid.baseclass.Base - title of this page is : Planisware 6 - Home
17:51:28.944 [main] INFO  com.hybrid.baseclass.Base - clicked on Program module 
17:51:29.889 [main] INFO  com.hybrid.baseclass.Base - Retriving data from getTestData method available in testutils class
17:51:31.271 [main] INFO  com.hybrid.baseclass.Base - clicked on New Program 
17:51:36.980 [main] INFO  com.hybrid.baseclass.Base - Values are filled in fields
18:03:41.052 [main] INFO  com.hybrid.baseclass.Base - Calling the super class constructor to initialize the properties of config file
18:03:58.296 [main] INFO  com.hybrid.baseclass.Base - Retriving data from getTestData method available in testutils class
18:04:31.132 [main] INFO  com.hybrid.baseclass.Base - Calling the super class constructor to initialize the properties of config file
18:04:44.529 [main] INFO  com.hybrid.baseclass.Base - title of this page is : Planisware
18:04:47.299 [main] INFO  com.hybrid.baseclass.Base - user name entered is : 310259920
18:04:47.299 [main] INFO  com.hybrid.baseclass.Base - password entered is : Planisware@63
18:04:47.337 [main] INFO  com.hybrid.baseclass.Base - title of this page is : Planisware Application Server
18:05:15.471 [main] INFO  com.hybrid.baseclass.Base - clicked on Program module 
18:05:16.230 [main] INFO  com.hybrid.baseclass.Base - Retriving data from getTestData method available in testutils class
18:05:17.411 [main] INFO  com.hybrid.baseclass.Base - clicked on New Program 
18:05:23.077 [main] INFO  com.hybrid.baseclass.Base - Values are filled in fields
18:06:46.382 [main] INFO  com.hybrid.baseclass.Base - Calling the super class constructor to initialize the properties of config file
18:07:01.358 [main] INFO  com.hybrid.baseclass.Base - title of this page is : Planisware
18:07:03.258 [main] INFO  com.hybrid.baseclass.Base - user name entered is : 310259920
18:07:03.259 [main] INFO  com.hybrid.baseclass.Base - password entered is : Planisware@63
18:07:03.276 [main] INFO  com.hybrid.baseclass.Base - title of this page is : Planisware Application Server
18:07:15.683 [main] INFO  com.hybrid.baseclass.Base - clicked on login button
18:07:15.788 [main] INFO  com.hybrid.baseclass.Base - title of this page is : Planisware 6 - Home
18:07:17.542 [main] INFO  com.hybrid.baseclass.Base - clicked on Program module 
18:07:19.138 [main] INFO  com.hybrid.baseclass.Base - Retriving data from getTestData method available in testutils class
18:07:19.264 [main] INFO  com.hybrid.baseclass.Base - clicked on New Program 
