12:27:47.867 [main] INFO  com.hybrid.baseclass.Base - Values are filled in fields
12:27:51.571 [main] INFO  com.hybrid.baseclass.Base - browser closed
12:30:44.003 [main] INFO  com.hybrid.baseclass.Base - Calling the super class constructor to initialize the properties of config file
12:30:59.251 [main] INFO  com.hybrid.baseclass.Base - title of this page is : Planisware
12:31:00.692 [main] INFO  com.hybrid.baseclass.Base - user name entered is : 310259920
12:31:00.692 [main] INFO  com.hybrid.baseclass.Base - password entered is : Planisware@63
12:31:00.724 [main] INFO  com.hybrid.baseclass.Base - title of this page is : Planisware Application Server
12:31:11.702 [main] INFO  com.hybrid.baseclass.Base - clicked on login button
12:31:11.713 [main] INFO  com.hybrid.baseclass.Base - title of this page is : Planisware 6 - Home
12:31:13.473 [main] INFO  com.hybrid.baseclass.Base - clicked on Program module 
12:31:14.891 [main] INFO  com.hybrid.baseclass.Base - Retriving data from getTestData method available in testutils class
12:31:15.090 [main] INFO  com.hybrid.baseclass.Base - clicked on New Program 
12:31:26.549 [main] INFO  com.hybrid.baseclass.Base - Values are filled in fields
12:31:43.707 [main] INFO  com.hybrid.baseclass.Base - browser closed
12:33:47.405 [main] INFO  com.hybrid.baseclass.Base - Calling the super class constructor to initialize the properties of config file
12:34:01.587 [main] INFO  com.hybrid.baseclass.Base - title of this page is : Planisware
12:34:04.202 [main] INFO  com.hybrid.baseclass.Base - user name entered is : 310259920
12:34:04.202 [main] INFO  com.hybrid.baseclass.Base - password entered is : Planisware@63
12:34:04.234 [main] INFO  com.hybrid.baseclass.Base - title of this page is : Planisware Application Server
12:34:30.906 [main] INFO  com.hybrid.baseclass.Base - clicked on Program module 
12:34:32.277 [main] INFO  com.hybrid.baseclass.Base - Retriving data from getTestData method available in testutils class
12:34:32.366 [main] INFO  com.hybrid.baseclass.Base - clicked on New Program 
12:34:45.424 [main] INFO  com.hybrid.baseclass.Base - Values are filled in fields
12:34:48.908 [main] INFO  com.hybrid.baseclass.Base - browser closed
12:42:27.403 [main] INFO  com.hybrid.baseclass.Base - Calling the super class constructor to initialize the properties of config file
12:42:39.852 [main] INFO  com.hybrid.baseclass.Base - title of this page is : Planisware
12:42:41.415 [main] INFO  com.hybrid.baseclass.Base - user name entered is : 310259920
12:42:41.415 [main] INFO  com.hybrid.baseclass.Base - password entered is : Planisware@63
12:42:41.442 [main] INFO  com.hybrid.baseclass.Base - title of this page is : Planisware Application Server
12:42:53.040 [main] INFO  com.hybrid.baseclass.Base - clicked on login button
12:42:53.053 [main] INFO  com.hybrid.baseclass.Base - title of this page is : Planisware 6 - Home
12:42:55.018 [main] INFO  com.hybrid.baseclass.Base - clicked on Program module 
12:42:56.697 [main] INFO  com.hybrid.baseclass.Base - Retriving data from getTestData method available in testutils class
12:42:56.909 [main] INFO  com.hybrid.baseclass.Base - clicked on New Program 
12:43:12.180 [main] INFO  com.hybrid.baseclass.Base - Values are filled in fields
12:43:29.754 [main] INFO  com.hybrid.baseclass.Base - browser closed
10:21:17.682 [main] INFO  com.hybrid.baseclass.Base - Calling the super class constructor to initialize the properties of config file
10:21:50.587 [main] INFO  com.hybrid.baseclass.Base - title of this page is : Planisware
10:21:52.592 [main] INFO  com.hybrid.baseclass.Base - user name entered is : 310259920
10:21:52.592 [main] INFO  com.hybrid.baseclass.Base - password entered is : Planisware@63
10:21:52.606 [main] INFO  com.hybrid.baseclass.Base - title of this page is : Planisware Application Server
10:22:36.534 [main] INFO  com.hybrid.baseclass.Base - Retriving data from getTestData method available in testutils class
10:23:01.915 [main] INFO  com.hybrid.baseclass.Base - browser closed
10:24:12.012 [main] INFO  com.hybrid.baseclass.Base - Calling the super class constructor to initialize the properties of config file
10:24:29.265 [main] INFO  com.hybrid.baseclass.Base - title of this page is : Planisware
10:24:30.577 [main] INFO  com.hybrid.baseclass.Base - user name entered is : 310259920
10:24:30.577 [main] INFO  com.hybrid.baseclass.Base - password entered is : Planisware@63
10:24:30.593 [main] INFO  com.hybrid.baseclass.Base - title of this page is : Planisware Application Server
10:24:42.799 [main] INFO  com.hybrid.baseclass.Base - clicked on login button
10:24:42.808 [main] INFO  com.hybrid.baseclass.Base - title of this page is : Planisware 6 - Home
10:24:44.613 [main] INFO  com.hybrid.baseclass.Base - clicked on Program module 
10:24:45.942 [main] INFO  com.hybrid.baseclass.Base - Retriving data from getTestData method available in testutils class
10:24:47.410 [main] INFO  com.hybrid.baseclass.Base - clicked on New Program 
