19:49:10.008 [main] INFO  com.hybrid.baseclass.Base - title of this page is : Planisware
19:49:11.892 [main] INFO  com.hybrid.baseclass.Base - user name entered is : 310259920
19:49:11.893 [main] INFO  com.hybrid.baseclass.Base - password entered is : Planisware@63
19:49:11.907 [main] INFO  com.hybrid.baseclass.Base - title of this page is : Planisware Application Server
19:49:36.658 [main] INFO  com.hybrid.baseclass.Base - clicked on Program module 
19:49:37.364 [main] INFO  com.hybrid.baseclass.Base - Retriving data from getTestData method available in testutils class
19:49:38.243 [main] INFO  com.hybrid.baseclass.Base - clicked on New Program 
19:49:49.538 [main] INFO  com.hybrid.baseclass.Base - Values are filled in fields
19:50:34.824 [main] INFO  com.hybrid.baseclass.Base - browser closed
19:54:03.331 [main] INFO  com.hybrid.baseclass.Base - Calling the super class constructor to initialize the properties of config file
19:54:14.823 [main] INFO  com.hybrid.baseclass.Base - title of this page is : Planisware
19:54:16.752 [main] INFO  com.hybrid.baseclass.Base - user name entered is : 310259920
19:54:16.752 [main] INFO  com.hybrid.baseclass.Base - password entered is : Planisware@63
19:54:16.767 [main] INFO  com.hybrid.baseclass.Base - title of this page is : Planisware Application Server
19:54:50.639 [main] INFO  com.hybrid.baseclass.Base - Retriving data from getTestData method available in testutils class
19:54:57.865 [main] INFO  com.hybrid.baseclass.Base - clicked on New Program 
19:55:08.130 [main] INFO  com.hybrid.baseclass.Base - Values are filled in fields
19:55:31.871 [main] INFO  com.hybrid.baseclass.Base - browser closed
19:58:05.999 [main] INFO  com.hybrid.baseclass.Base - Calling the super class constructor to initialize the properties of config file
19:58:18.320 [main] INFO  com.hybrid.baseclass.Base - title of this page is : Planisware
19:58:19.412 [main] INFO  com.hybrid.baseclass.Base - user name entered is : 310259920
19:58:19.412 [main] INFO  com.hybrid.baseclass.Base - password entered is : Planisware@63
19:58:19.430 [main] INFO  com.hybrid.baseclass.Base - title of this page is : Planisware Application Server
19:58:48.285 [main] INFO  com.hybrid.baseclass.Base - clicked on Program module 
19:58:49.129 [main] INFO  com.hybrid.baseclass.Base - Retriving data from getTestData method available in testutils class
19:58:50.114 [main] INFO  com.hybrid.baseclass.Base - clicked on New Program 
19:59:00.545 [main] INFO  com.hybrid.baseclass.Base - Values are filled in fields
19:59:24.069 [main] INFO  com.hybrid.baseclass.Base - browser closed
20:01:58.827 [main] INFO  com.hybrid.baseclass.Base - Calling the super class constructor to initialize the properties of config file
20:02:11.734 [main] INFO  com.hybrid.baseclass.Base - title of this page is : Planisware
20:02:13.464 [main] INFO  com.hybrid.baseclass.Base - user name entered is : 310259920
20:02:13.465 [main] INFO  com.hybrid.baseclass.Base - password entered is : Planisware@63
20:02:13.487 [main] INFO  com.hybrid.baseclass.Base - title of this page is : Planisware Application Server
20:02:37.790 [main] INFO  com.hybrid.baseclass.Base - clicked on Program module 
20:02:38.887 [main] INFO  com.hybrid.baseclass.Base - Retriving data from getTestData method available in testutils class
20:02:39.718 [main] INFO  com.hybrid.baseclass.Base - clicked on New Program 
20:02:49.533 [main] INFO  com.hybrid.baseclass.Base - Values are filled in fields
20:03:12.607 [main] INFO  com.hybrid.baseclass.Base - browser closed
20:08:28.357 [main] INFO  com.hybrid.baseclass.Base - Calling the super class constructor to initialize the properties of config file
20:08:39.290 [main] INFO  com.hybrid.baseclass.Base - title of this page is : Planisware
20:08:40.522 [main] INFO  com.hybrid.baseclass.Base - user name entered is : 310259920
20:08:40.522 [main] INFO  com.hybrid.baseclass.Base - password entered is : Planisware@63
20:08:40.537 [main] INFO  com.hybrid.baseclass.Base - title of this page is : Planisware Application Server
20:09:14.327 [main] INFO  com.hybrid.baseclass.Base - Retriving data from getTestData method available in testutils class
20:09:24.766 [main] INFO  com.hybrid.baseclass.Base - clicked on New Program 
20:09:34.747 [main] INFO  com.hybrid.baseclass.Base - Values are filled in fields
20:09:56.971 [main] INFO  com.hybrid.baseclass.Base - browser closed
20:11:24.719 [main] INFO  com.hybrid.baseclass.Base - Calling the super class constructor to initialize the properties of config file
20:11:47.010 [main] INFO  com.hybrid.baseclass.Base - browser closed
20:12:01.726 [main] INFO  com.hybrid.baseclass.Base - Calling the super class constructor to initialize the properties of config file
20:12:13.880 [main] INFO  com.hybrid.baseclass.Base - title of this page is : Planisware
20:12:15.070 [main] INFO  com.hybrid.baseclass.Base - user name entered is : 310259920
20:12:15.070 [main] INFO  com.hybrid.baseclass.Base - password entered is : Planisware@63
